2023-12-19 00:12:908 INFO  StartPage :33 - mouse hover and click on : [[ChromeDriver: chrome on windows (acb4dfe764e30fe6166e4a343ae40e32)] -> xpath: //button[normalize-space()='Accept additional cookies']]
2023-12-19 00:12:415 INFO  StartPage :39 - mouse hover and click on : [[ChromeDriver: chrome on windows (acb4dfe764e30fe6166e4a343ae40e32)] -> css selector: .gem-c-button.govuk-button.govuk-button--start]
2023-12-19 00:12:987 INFO  SelectNationalityPage :36 - select value from dropdown : [[ChromeDriver: chrome on windows (acb4dfe764e30fe6166e4a343ae40e32)] -> xpath: //select[@id='response']]
2023-12-19 00:12:08 INFO  StartPage :33 - mouse hover and click on : [[ChromeDriver: chrome on windows (c231d40a688ab2f467c629d154d9afb3)] -> xpath: //button[normalize-space()='Accept additional cookies']]
2023-12-19 00:12:464 INFO  StartPage :39 - mouse hover and click on : [[ChromeDriver: chrome on windows (c231d40a688ab2f467c629d154d9afb3)] -> css selector: .gem-c-button.govuk-button.govuk-button--start]
2023-12-19 00:12:24 INFO  SelectNationalityPage :36 - select value from dropdown : [[ChromeDriver: chrome on windows (c231d40a688ab2f467c629d154d9afb3)] -> xpath: //select[@id='response']]
2023-12-19 00:12:795 INFO  StartPage :33 - mouse hover and click on : [[ChromeDriver: chrome on windows (e29d525bfbfd1958f385e19fd7962764)] -> xpath: //button[normalize-space()='Accept additional cookies']]
2023-12-19 00:12:262 INFO  StartPage :39 - mouse hover and click on : [[ChromeDriver: chrome on windows (e29d525bfbfd1958f385e19fd7962764)] -> css selector: .gem-c-button.govuk-button.govuk-button--start]
2023-12-19 00:12:808 INFO  SelectNationalityPage :36 - select value from dropdown : [[ChromeDriver: chrome on windows (e29d525bfbfd1958f385e19fd7962764)] -> xpath: //select[@id='response']]
2023-12-19 00:12:583 INFO  StartPage :33 - mouse hover and click on : [[ChromeDriver: chrome on windows (f2a6e6f18aa66a55dbc763941898ebbf)] -> xpath: //button[normalize-space()='Accept additional cookies']]
2023-12-19 00:12:32 INFO  StartPage :39 - mouse hover and click on : [[ChromeDriver: chrome on windows (f2a6e6f18aa66a55dbc763941898ebbf)] -> css selector: .gem-c-button.govuk-button.govuk-button--start]
2023-12-19 00:12:425 INFO  SelectNationalityPage :36 - select value from dropdown : [[ChromeDriver: chrome on windows (f2a6e6f18aa66a55dbc763941898ebbf)] -> xpath: //select[@id='response']]
2023-12-19 00:12:194 INFO  StartPage :33 - mouse hover and click on : [[ChromeDriver: chrome on windows (466394f9487190f918ed7422c34be21f)] -> xpath: //button[normalize-space()='Accept additional cookies']]
2023-12-19 00:12:657 INFO  StartPage :39 - mouse hover and click on : [[ChromeDriver: chrome on windows (466394f9487190f918ed7422c34be21f)] -> css selector: .gem-c-button.govuk-button.govuk-button--start]
2023-12-19 00:12:695 INFO  SelectNationalityPage :36 - select value from dropdown : [[ChromeDriver: chrome on windows (466394f9487190f918ed7422c34be21f)] -> xpath: //select[@id='response']]
2023-12-19 00:12:273 INFO  StartPage :33 - mouse hover and click on : [[ChromeDriver: chrome on windows (d0881d2ad4e977e19013a790ac854fda)] -> xpath: //button[normalize-space()='Accept additional cookies']]
2023-12-19 00:12:719 INFO  StartPage :39 - mouse hover and click on : [[ChromeDriver: chrome on windows (d0881d2ad4e977e19013a790ac854fda)] -> css selector: .gem-c-button.govuk-button.govuk-button--start]
2023-12-19 00:12:646 INFO  SelectNationalityPage :36 - select value from dropdown : [[ChromeDriver: chrome on windows (d0881d2ad4e977e19013a790ac854fda)] -> xpath: //select[@id='response']]
2023-12-19 00:12:272 INFO  StartPage :33 - mouse hover and click on : [[ChromeDriver: chrome on windows (19141026c13dc161884439954e7d39ce)] -> xpath: //button[normalize-space()='Accept additional cookies']]
2023-12-19 00:12:730 INFO  StartPage :39 - mouse hover and click on : [[ChromeDriver: chrome on windows (19141026c13dc161884439954e7d39ce)] -> css selector: .gem-c-button.govuk-button.govuk-button--start]
2023-12-19 00:12:537 INFO  SelectNationalityPage :36 - select value from dropdown : [[ChromeDriver: chrome on windows (19141026c13dc161884439954e7d39ce)] -> xpath: //select[@id='response']]
2023-12-19 00:12:385 INFO  StartPage :33 - mouse hover and click on : [[ChromeDriver: chrome on windows (db8629368e332cabb25636d7d7626e9b)] -> xpath: //button[normalize-space()='Accept additional cookies']]
2023-12-19 00:12:857 INFO  StartPage :39 - mouse hover and click on : [[ChromeDriver: chrome on windows (db8629368e332cabb25636d7d7626e9b)] -> css selector: .gem-c-button.govuk-button.govuk-button--start]
2023-12-19 00:12:11 INFO  SelectNationalityPage :36 - select value from dropdown : [[ChromeDriver: chrome on windows (db8629368e332cabb25636d7d7626e9b)] -> xpath: //select[@id='response']]
2023-12-19 00:12:578 INFO  StartPage :33 - mouse hover and click on : [[ChromeDriver: chrome on windows (733ba38680613ddffb4301f90a91e812)] -> xpath: //button[normalize-space()='Accept additional cookies']]
2023-12-19 00:12:29 INFO  StartPage :39 - mouse hover and click on : [[ChromeDriver: chrome on windows (733ba38680613ddffb4301f90a91e812)] -> css selector: .gem-c-button.govuk-button.govuk-button--start]
2023-12-19 00:12:32 INFO  SelectNationalityPage :36 - select value from dropdown : [[ChromeDriver: chrome on windows (733ba38680613ddffb4301f90a91e812)] -> xpath: //select[@id='response']]
2023-12-19 00:12:687 INFO  StartPage :33 - mouse hover and click on : [[ChromeDriver: chrome on windows (eb73253af853097c470b7c39b6df2441)] -> xpath: //button[normalize-space()='Accept additional cookies']]
2023-12-19 00:12:230 INFO  StartPage :39 - mouse hover and click on : [[ChromeDriver: chrome on windows (eb73253af853097c470b7c39b6df2441)] -> css selector: .gem-c-button.govuk-button.govuk-button--start]
2023-12-19 00:12:295 INFO  SelectNationalityPage :36 - select value from dropdown : [[ChromeDriver: chrome on windows (eb73253af853097c470b7c39b6df2441)] -> xpath: //select[@id='response']]
2023-12-19 00:12:198 INFO  StartPage :33 - mouse hover and click on : [[ChromeDriver: chrome on windows (78e7942972ceb8f1d9356c6225806c80)] -> xpath: //button[normalize-space()='Accept additional cookies']]
2023-12-19 00:12:650 INFO  StartPage :39 - mouse hover and click on : [[ChromeDriver: chrome on windows (78e7942972ceb8f1d9356c6225806c80)] -> css selector: .gem-c-button.govuk-button.govuk-button--start]
2023-12-19 00:12:785 INFO  SelectNationalityPage :36 - select value from dropdown : [[ChromeDriver: chrome on windows (78e7942972ceb8f1d9356c6225806c80)] -> xpath: //select[@id='response']]
2023-12-19 00:12:107 INFO  SelectNationalityPage :41 - mouse hover and click on : [[ChromeDriver: chrome on windows (78e7942972ceb8f1d9356c6225806c80)] -> xpath: //button[normalize-space()='Continue']]
2023-12-19 00:12:405 INFO  ReasonForTravelPage :52 - mouse hover and click on : [[ChromeDriver: chrome on windows (78e7942972ceb8f1d9356c6225806c80)] -> css selector: #response-0]
2023-12-19 00:12:781 INFO  ReasonForTravelPage :68 - mouse hover and click on : [[ChromeDriver: chrome on windows (78e7942972ceb8f1d9356c6225806c80)] -> xpath: //button[normalize-space()='Continue']]
2023-12-19 00:12:957 INFO  ResultPage :43 - get text from : [[ChromeDriver: chrome on windows (78e7942972ceb8f1d9356c6225806c80)] -> xpath: //h2[normalize-space()='You will not need a visa to come to the UK']]
2023-12-19 00:12:742 INFO  StartPage :33 - mouse hover and click on : [[ChromeDriver: chrome on windows (0a9297dc1d817938bca632936cee74a5)] -> xpath: //button[normalize-space()='Accept additional cookies']]
2023-12-19 00:12:215 INFO  StartPage :39 - mouse hover and click on : [[ChromeDriver: chrome on windows (0a9297dc1d817938bca632936cee74a5)] -> css selector: .gem-c-button.govuk-button.govuk-button--start]
2023-12-19 00:12:424 INFO  SelectNationalityPage :36 - select value from dropdown : [[ChromeDriver: chrome on windows (0a9297dc1d817938bca632936cee74a5)] -> xpath: //select[@id='response']]
2023-12-19 00:12:765 INFO  SelectNationalityPage :41 - mouse hover and click on : [[ChromeDriver: chrome on windows (0a9297dc1d817938bca632936cee74a5)] -> xpath: //button[normalize-space()='Continue']]
2023-12-19 00:12:17 INFO  ReasonForTravelPage :62 - click on : [[ChromeDriver: chrome on windows (0a9297dc1d817938bca632936cee74a5)] -> css selector: #response-1]
2023-12-19 00:12:454 INFO  ReasonForTravelPage :68 - mouse hover and click on : [[ChromeDriver: chrome on windows (0a9297dc1d817938bca632936cee74a5)] -> xpath: //button[normalize-space()='Continue']]
2023-12-19 00:12:528 INFO  DurationOfStayPage :38 - click on : [[ChromeDriver: chrome on windows (0a9297dc1d817938bca632936cee74a5)] -> xpath: //label[normalize-space()='longer than 6 months']]
2023-12-19 00:12:740 INFO  DurationOfStayPage :43 - click on : [[ChromeDriver: chrome on windows (0a9297dc1d817938bca632936cee74a5)] -> xpath: //button[contains(text(),'Continue')]]
2023-12-19 00:12:948 INFO  WorkTypePage :35 - click on : [[ChromeDriver: chrome on windows (0a9297dc1d817938bca632936cee74a5)] -> id: response-0]
2023-12-19 00:12:159 INFO  WorkTypePage :40 - click on : [[ChromeDriver: chrome on windows (0a9297dc1d817938bca632936cee74a5)] -> xpath: //button[normalize-space()='Continue']]
2023-12-19 00:12:364 INFO  ResultPage :49 - get text from : [[ChromeDriver: chrome on windows (0a9297dc1d817938bca632936cee74a5)] -> xpath: //h2[normalize-space()='You need a visa to work in health and care']]
